telecardreader.jar: 0.9.0 -> 0.9.1
Čt čec 26 18:49:29 CEST 2012: Uploading new program version
telecardreader.jar: 0.9.0 -> 0.9.1

##################################################
Čt čec 26 18:55:23 CEST 2012: Uploading new program version
telecardreader.jar: 0.9.0 -> 0.9.1

Uploading new version...

#################################################################
Čt čec 26 20:44:51 CEST 2012: Uploading new program version
TelecardReader.jar: 0.9.0 -> 0.9.1

Uploading new version:
Creating directory 0.9.1...
drwxr-xr-x    3 14109      1001             4096 Jul 26 20:44 .
drwxr-xr-x    3 14109      1001             4096 Jul 26 20:44 ..
drwxr-xr-x    2 14109      1001             4096 Jul 26 20:44 0.9.1
-rw-r--r--    1 14109      1001              687 Jul 26 19:47 updater.php
Uploading file TelecardReader.jar...
Updating database...
Database update OK.


#################################################################
Čt čec 26 20:50:25 CEST 2012: Uploading new program version
TelecardReader.jar: 0.9.0 -> 0.9.1

Uploading new version:
Creating directory 0.9.1...
drwxr-xr-x    3 14109      1001             4096 Jul 26 20:50 .
drwxr-xr-x    3 14109      1001             4096 Jul 26 20:50 ..
drwxr-xr-x    2 14109      1001             4096 Jul 26 20:50 0.9.1
-rw-r--r--    1 14109      1001              687 Jul 26 19:47 updater.php
Uploading file TelecardReader.jar...
Updating database...-
Database update OK.
Backing up local file...


#################################################################
Čt čec 26 20:55:10 CEST 2012: Uploading new program version
TelecardReader.jar: 0.9.1 -> 0.9.1

No new version available. Stop.


#################################################################
Čt čec 26 20:55:51 CEST 2012: Uploading new program version
TelecardReader.jar: 0.9.0 -> 0.9.1

Uploading new version:
Creating directory 0.9.1...
Uploading file TelecardReader.jar...
Updating database...-
Database update OK.
Backing up local file...


#################################################################
Čt čec 26 21:03:49 CEST 2012: Uploading new program version
TelecardReader.jar: 0.9.0 -> 0.9.1

Uploading new version:
Creating directory 0.9.1...
drwxr-xr-x    3 14109      1001             4096 Jul 26 21:03 .
drwxr-xr-x    3 14109      1001             4096 Jul 26 21:03 ..
drwxr-xr-x    2 14109      1001             4096 Jul 26 21:03 0.9.1
-rw-r--r--    1 14109      1001              687 Jul 26 19:47 updater.php
Uploading file TelecardReader.jar...
Updating database...-
Database update OK.
Backing up local file...


#################################################################
Čt čec 26 21:09:05 CEST 2012: Uploading new program version
TelecardReader.jar: 0.9.0 -> 0.9.1

Uploading new version:
Creating directory 0.9.1...
Uploading file TelecardReader.jar...
Updating database...-
Database update OK.
Backing up local file...

